<?xml version="1.0" encoding="UTF-8" standalone="no"?>
<testsuite errors="0" failures="0" name="io.cucumber.core.plugin.JUnitFormatter" skipped="0" tests="1" time="0.728">
<testcase classname="feature to test loading of the Homepage" name="Check the ui elements of the homepage Navigation" time="0.126">
<system-out><![CDATA[Given user is on home page..................................................passed
When home page loads........................................................passed
And user clicks on tab home.................................................passed
Then user is redirected to the current page of the web application..........passed
]]></system-out>
</testcase>
</testsuite>
